Fitter Status : Successful - Tue Jul 27 22:13:27 2021
Quartus Prime Version : 18.0.0 Build 614 04/24/2018 SJ Standard Edition
Revision Name : iob_cache
Top-level Entity Name : iob_cache
Family : Cyclone V
Device : 5CGTFD9E5F35C7
Timing Models : Final
Logic utilization (in ALMs) : 845 / 113,560 ( < 1 % )
Total registers : 639
Total pins : 208 / 616 ( 34 % )
Total virtual pins : 0
Total block memory bits : 72,768 / 12,492,800 ( < 1 % )
Total RAM Blocks : 68 / 1,220 ( 6 % )
Total DSP Blocks : 0 / 342 ( 0 % )
Total HSSI RX PCSs : 0 / 12 ( 0 % )
Total HSSI PMA RX Deserializers : 0 / 12 ( 0 % )
Total HSSI TX PCSs : 0 / 12 ( 0 % )
Total HSSI PMA TX Serializers : 0 / 12 ( 0 % )
Total PLLs : 0 / 20 ( 0 % )
Total DLLs : 0 / 4 ( 0 % )
